[28-06-2024 02:32:11.957 INFO com.nopcommerce.users.Level_16_ReportNG] - -----START delete file in folder----------
[28-06-2024 02:32:11.971 INFO com.nopcommerce.users.Level_16_ReportNG] - -----END delete file in folder----------
[28-06-2024 02:32:25.027 INFO com.nopcommerce.users.Level_16_ReportNG] - Register - Step 1: verify Register link is not displayed
[28-06-2024 02:32:25.269 INFO com.nopcommerce.users.Level_16_ReportNG] - ---------------------- Passed -----------------------
[28-06-2024 02:32:25.270 INFO com.nopcommerce.users.Level_16_ReportNG] - Register - Step 2: Click to Register link
[28-06-2024 02:32:26.463 INFO com.nopcommerce.users.Level_16_ReportNG] - Register - Step 3: Click to Gender Male Radio
[28-06-2024 02:32:26.752 INFO com.nopcommerce.users.Level_16_ReportNG] - Register - Step 4: Click to Register button
[28-06-2024 02:32:27.026 INFO com.nopcommerce.users.Level_16_ReportNG] - Register - Step 5: Verify error message at First Name textbox
[28-06-2024 02:32:27.193 INFO com.nopcommerce.users.Level_16_ReportNG] - ---------------------- Passed -----------------------
[28-06-2024 02:32:27.194 INFO com.nopcommerce.users.Level_16_ReportNG] - Register - Step 6: Verify error message at Last Name textbox
[28-06-2024 02:32:27.311 INFO com.nopcommerce.users.Level_16_ReportNG] - ---------------------- Passed -----------------------
[28-06-2024 02:32:27.321 INFO com.nopcommerce.users.Level_16_ReportNG] - Register - Step 7: Enter to First Name Textbox: Tran
[28-06-2024 02:32:27.668 INFO com.nopcommerce.users.Level_16_ReportNG] - Register - Step 8: Enter to Last Name Textbox: Thi
[28-06-2024 02:32:28.030 INFO com.nopcommerce.users.Level_16_ReportNG] - Register - Step 9: Enter to Day dropdown: 10
[28-06-2024 02:32:28.364 INFO com.nopcommerce.users.Level_16_ReportNG] - Register - Step 10: Enter to Month dropdown: May
[28-06-2024 02:32:28.654 INFO com.nopcommerce.users.Level_16_ReportNG] - Register - Step 11: Enter to Year dropdown: 1994
[28-06-2024 02:32:28.923 INFO com.nopcommerce.users.Level_16_ReportNG] - Register - Step 12: Enter to Email textbox: jasmine355@gmail.com
[28-06-2024 02:32:29.287 INFO com.nopcommerce.users.Level_16_ReportNG] - Register - Step 13: Enter to Company textbox: NEXTG
[28-06-2024 02:32:29.596 INFO com.nopcommerce.users.Level_16_ReportNG] - Register - Step 14: Enter to Password textbox: abcde12345-
[28-06-2024 02:32:29.974 INFO com.nopcommerce.users.Level_16_ReportNG] - Register - Step 15: Enter to confirm password textbox: abcde12345-
[28-06-2024 02:32:30.488 INFO com.nopcommerce.users.Level_16_ReportNG] - Register - Step 16: Click to Register button
[28-06-2024 02:32:32.085 INFO com.nopcommerce.users.Level_16_ReportNG] - Register - Step 17: Verify success message is displayed
[28-06-2024 02:32:32.373 INFO com.nopcommerce.users.Level_16_ReportNG] - ---------------------- Failed -----------------------
[28-06-2024 02:32:57.793 INFO com.nopcommerce.users.Level_16_ReportNG] - Register - Step 1: verify Register link is not displayed
[28-06-2024 02:32:58.655 INFO com.nopcommerce.users.Level_16_ReportNG] - ---------------------- Passed -----------------------
[28-06-2024 02:32:58.660 INFO com.nopcommerce.users.Level_16_ReportNG] - Register - Step 2: Click to Register link
[28-06-2024 02:33:00.016 INFO com.nopcommerce.users.Level_16_ReportNG] - Register - Step 3: Click to Gender Male Radio
[28-06-2024 02:33:00.878 INFO com.nopcommerce.users.Level_16_ReportNG] - Register - Step 4: Click to Register button
[28-06-2024 02:33:01.452 INFO com.nopcommerce.users.Level_16_ReportNG] - Register - Step 5: Verify error message at First Name textbox
[28-06-2024 02:33:01.513 INFO com.nopcommerce.users.Level_16_ReportNG] - ---------------------- Passed -----------------------
[28-06-2024 02:33:01.513 INFO com.nopcommerce.users.Level_16_ReportNG] - Register - Step 6: Verify error message at Last Name textbox
[28-06-2024 02:33:01.596 INFO com.nopcommerce.users.Level_16_ReportNG] - ---------------------- Passed -----------------------
[28-06-2024 02:33:01.600 INFO com.nopcommerce.users.Level_16_ReportNG] - Register - Step 7: Enter to First Name Textbox: Tran
[28-06-2024 02:33:01.738 INFO com.nopcommerce.users.Level_16_ReportNG] - Register - Step 8: Enter to Last Name Textbox: Thi
[28-06-2024 02:33:01.951 INFO com.nopcommerce.users.Level_16_ReportNG] - Register - Step 9: Enter to Day dropdown: 10
[28-06-2024 02:33:02.365 INFO com.nopcommerce.users.Level_16_ReportNG] - Register - Step 10: Enter to Month dropdown: May
[28-06-2024 02:33:02.692 INFO com.nopcommerce.users.Level_16_ReportNG] - Register - Step 11: Enter to Year dropdown: 1994
[28-06-2024 02:33:02.999 INFO com.nopcommerce.users.Level_16_ReportNG] - Register - Step 12: Enter to Email textbox: jasmine46039@gmail.com
[28-06-2024 02:33:03.280 INFO com.nopcommerce.users.Level_16_ReportNG] - Register - Step 13: Enter to Company textbox: NEXTG
[28-06-2024 02:33:03.417 INFO com.nopcommerce.users.Level_16_ReportNG] - Register - Step 14: Enter to Password textbox: abcde12345-
[28-06-2024 02:33:03.609 INFO com.nopcommerce.users.Level_16_ReportNG] - Register - Step 15: Enter to confirm password textbox: abcde12345-
[28-06-2024 02:33:03.777 INFO com.nopcommerce.users.Level_16_ReportNG] - Register - Step 16: Click to Register button
[28-06-2024 02:33:04.718 INFO com.nopcommerce.users.Level_16_ReportNG] - Register - Step 17: Verify success message is displayed
[28-06-2024 02:33:05.040 INFO com.nopcommerce.users.Level_16_ReportNG] - ---------------------- Failed -----------------------
[28-06-2024 03:06:20.492 INFO com.nopcommerce.users.Level_17_ExtentReportV2] - -----START delete file in folder----------
[28-06-2024 03:06:20.501 INFO com.nopcommerce.users.Level_17_ExtentReportV2] - -----END delete file in folder----------
[28-06-2024 03:06:28.774 INFO com.nopcommerce.users.Level_17_ExtentReportV2] - ---------------------- Passed -----------------------
[28-06-2024 03:06:48.643 INFO com.nopcommerce.users.Level_17_ExtentReportV2] - ---------------------- Passed -----------------------
[28-06-2024 03:11:14.420 INFO com.nopcommerce.users.Level_17_ExtentReportV2] - -----START delete file in folder----------
[28-06-2024 03:11:14.428 INFO com.nopcommerce.users.Level_17_ExtentReportV2] - -----END delete file in folder----------
[28-06-2024 03:11:51.361 INFO com.nopcommerce.users.Level_17_ExtentReportV2] - -----START delete file in folder----------
[28-06-2024 03:11:51.370 INFO com.nopcommerce.users.Level_17_ExtentReportV2] - -----END delete file in folder----------
[28-06-2024 03:11:59.605 INFO com.nopcommerce.users.Level_17_ExtentReportV2] - ---------------------- Passed -----------------------
[28-06-2024 03:12:16.034 INFO com.nopcommerce.users.Level_17_ExtentReportV2] - ---------------------- Passed -----------------------
[28-06-2024 04:11:51.232 INFO com.nopcommerce.users.Level_18_ExtentReportV3] - -----START delete file in folder----------
[28-06-2024 04:11:51.238 INFO com.nopcommerce.users.Level_18_ExtentReportV3] - -----END delete file in folder----------
[28-06-2024 04:12:03.533 INFO com.nopcommerce.users.Level_18_ExtentReportV3] - ---------------------- Passed -----------------------
[28-06-2024 04:27:24.549 INFO com.nopcommerce.users.Level_18_ExtentReportV4] - -----START delete file in folder----------
[28-06-2024 04:27:24.555 INFO com.nopcommerce.users.Level_18_ExtentReportV4] - -----END delete file in folder----------
[28-06-2024 04:27:33.192 INFO com.nopcommerce.users.Level_18_ExtentReportV4] - ---------------------- Passed -----------------------
[28-06-2024 08:48:27.165 INFO com.nopcommerce.users.Level_18_ExtentReportV5] - -----START delete file in folder----------
[28-06-2024 08:48:27.168 INFO com.nopcommerce.users.Level_18_ExtentReportV5] - -----END delete file in folder----------
[28-06-2024 08:50:46.748 INFO com.nopcommerce.users.Level_18_ExtentReportV5] - -----START delete file in folder----------
[28-06-2024 08:50:46.751 INFO com.nopcommerce.users.Level_18_ExtentReportV5] - -----END delete file in folder----------
[28-06-2024 08:51:32.217 INFO com.nopcommerce.users.Level_18_ExtentReportV5] - ---------------------- Passed -----------------------
[28-06-2024 08:53:52.970 INFO com.nopcommerce.users.Level_18_ExtentReportV5] - -----START delete file in folder----------
[28-06-2024 08:53:52.974 INFO com.nopcommerce.users.Level_18_ExtentReportV5] - -----END delete file in folder----------
[28-06-2024 10:23:47.517 INFO com.nopcommerce.users.Level_18_ExtentReportV5] - -----START delete file in folder----------
[28-06-2024 10:23:47.520 INFO com.nopcommerce.users.Level_18_ExtentReportV5] - -----END delete file in folder----------
[28-06-2024 10:23:58.455 INFO com.nopcommerce.users.Level_18_ExtentReportV5] - ---------------------- Passed -----------------------
[28-06-2024 10:24:42.396 INFO com.nopcommerce.users.Level_18_ExtentReportV5] - ---------------------- Passed -----------------------
[28-06-2024 10:27:09.619 INFO com.nopcommerce.users.Level_18_ExtentReportV5] - -----START delete file in folder----------
[28-06-2024 10:27:09.622 INFO com.nopcommerce.users.Level_18_ExtentReportV5] - -----END delete file in folder----------
[28-06-2024 10:27:17.423 INFO com.nopcommerce.users.Level_18_ExtentReportV5] - ---------------------- Passed -----------------------
[28-06-2024 10:27:57.061 INFO com.nopcommerce.users.Level_18_ExtentReportV5] - ---------------------- Passed -----------------------
[28-06-2024 10:52:06.641 INFO com.nopcommerce.users.Level_18_ExtentReportV5] - -----START delete file in folder----------
[28-06-2024 10:52:06.644 INFO com.nopcommerce.users.Level_18_ExtentReportV5] - -----END delete file in folder----------
[29-06-2024 16:53:47.147 INFO com.nopcommerce.users.Level_19_Allure_Report] - -----START delete file in folder----------
[29-06-2024 16:53:47.195 INFO com.nopcommerce.users.Level_19_Allure_Report] - -----END delete file in folder----------
[29-06-2024 16:54:26.045 INFO com.nopcommerce.users.Level_19_Allure_Report] - ---------------------- Passed -----------------------
[29-06-2024 16:55:07.592 INFO com.nopcommerce.users.Level_19_Allure_Report] - ---------------------- Passed -----------------------
[30-06-2024 02:20:19.427 INFO com.nopcommerce.users.Level_19_Allure_Report] - -----START delete file in folder----------
[30-06-2024 02:20:19.436 INFO com.nopcommerce.users.Level_19_Allure_Report] - -----END delete file in folder----------
[30-06-2024 02:20:30.992 INFO com.nopcommerce.users.Level_19_Allure_Report] - ---------------------- Passed -----------------------
[30-06-2024 02:20:47.826 INFO com.nopcommerce.users.Level_19_Allure_Report] - ---------------------- Passed -----------------------
[30-06-2024 03:07:14.599 INFO com.nopcommerce.users.Level_19_Allure_Report] - -----START delete file in folder----------
[30-06-2024 03:07:14.621 INFO com.nopcommerce.users.Level_19_Allure_Report] - -----END delete file in folder----------
[30-06-2024 03:07:23.231 INFO com.nopcommerce.users.Level_19_Allure_Report] - ---------------------- Passed -----------------------
[30-06-2024 03:07:45.348 INFO com.nopcommerce.users.Level_19_Allure_Report] - ---------------------- Passed -----------------------
[30-06-2024 03:09:21.955 INFO com.nopcommerce.users.Level_19_Allure_Report] - -----START delete file in folder----------
[30-06-2024 03:09:21.974 INFO com.nopcommerce.users.Level_19_Allure_Report] - -----END delete file in folder----------
[30-06-2024 03:09:30.355 INFO com.nopcommerce.users.Level_19_Allure_Report] - ---------------------- Passed -----------------------
[30-06-2024 03:09:46.377 INFO com.nopcommerce.users.Level_19_Allure_Report] - ---------------------- Passed -----------------------
[30-06-2024 03:43:07.195 INFO com.nopcommerce.users.Level_19_Allure_Report] - -----START delete file in folder----------
[30-06-2024 03:43:07.212 INFO com.nopcommerce.users.Level_19_Allure_Report] - -----END delete file in folder----------
[30-06-2024 03:43:19.401 INFO com.nopcommerce.users.Level_19_Allure_Report] - ---------------------- Passed -----------------------
[30-06-2024 03:43:33.760 INFO com.nopcommerce.users.Level_19_Allure_Report] - ---------------------- Passed -----------------------
[30-06-2024 03:45:35.103 INFO com.nopcommerce.users.Level_19_Allure_Report] - -----START delete file in folder----------
[30-06-2024 03:45:35.134 INFO com.nopcommerce.users.Level_19_Allure_Report] - -----END delete file in folder----------
[30-06-2024 03:45:45.332 INFO com.nopcommerce.users.Level_19_Allure_Report] - ---------------------- Passed -----------------------
[30-06-2024 03:46:00.586 INFO com.nopcommerce.users.Level_19_Allure_Report] - ---------------------- Passed -----------------------
[01-07-2024 17:17:05.840 INFO com.facebook.home.Level_20_Element_Undisplayed] - -----START delete file in folder----------
[01-07-2024 17:17:05.847 INFO com.facebook.home.Level_20_Element_Undisplayed] - -----END delete file in folder----------
[02-07-2024 08:51:47.367 INFO com.facebook.home.Level_20_Element_Undisplayed] - -----START delete file in folder----------
[02-07-2024 08:51:47.387 INFO com.facebook.home.Level_20_Element_Undisplayed] - -----END delete file in folder----------
[02-07-2024 08:51:55.600 INFO com.facebook.home.Level_20_Element_Undisplayed] - ---------------------- Passed -----------------------
[02-07-2024 08:51:55.630 INFO com.facebook.home.Level_20_Element_Undisplayed] - ---------------------- Passed -----------------------
[02-07-2024 08:51:55.659 INFO com.facebook.home.Level_20_Element_Undisplayed] - ---------------------- Passed -----------------------
[02-07-2024 08:51:55.689 INFO com.facebook.home.Level_20_Element_Undisplayed] - ---------------------- Passed -----------------------
[02-07-2024 08:51:57.848 INFO com.facebook.home.Level_20_Element_Undisplayed] - ---------------------- Passed -----------------------
[02-07-2024 08:52:00.030 INFO com.facebook.home.Level_20_Element_Undisplayed] - ---------------------- Passed -----------------------
[02-07-2024 08:52:07.096 INFO com.facebook.home.Level_20_Element_Undisplayed] - ---------------------- Passed -----------------------
[02-07-2024 08:52:12.131 INFO com.facebook.home.Level_20_Element_Undisplayed] - ---------------------- Passed -----------------------
[02-07-2024 08:52:17.167 INFO com.facebook.home.Level_20_Element_Undisplayed] - ---------------------- Passed -----------------------
[02-07-2024 08:52:22.233 INFO com.facebook.home.Level_20_Element_Undisplayed] - ---------------------- Passed -----------------------
[02-07-2024 23:30:48.450 INFO com.nopcommerce.users.Level_21_Patter_Object] - -----START delete file in folder----------
[02-07-2024 23:30:48.461 INFO com.nopcommerce.users.Level_21_Patter_Object] - -----END delete file in folder----------
[02-07-2024 23:32:23.387 INFO com.nopcommerce.users.Level_21_Patter_Object] - -----START delete file in folder----------
[02-07-2024 23:32:23.395 INFO com.nopcommerce.users.Level_21_Patter_Object] - -----END delete file in folder----------
[02-07-2024 23:34:15.807 INFO com.nopcommerce.users.Level_21_Patter_Object] - -----START delete file in folder----------
[02-07-2024 23:34:15.815 INFO com.nopcommerce.users.Level_21_Patter_Object] - -----END delete file in folder----------
[02-07-2024 23:39:36.840 INFO com.nopcommerce.users.Level_21_Patter_Object] - -----START delete file in folder----------
[02-07-2024 23:39:36.848 INFO com.nopcommerce.users.Level_21_Patter_Object] - -----END delete file in folder----------
[02-07-2024 23:40:19.072 INFO com.nopcommerce.users.Level_21_Patter_Object] - -----START delete file in folder----------
[02-07-2024 23:40:19.080 INFO com.nopcommerce.users.Level_21_Patter_Object] - -----END delete file in folder----------
[02-07-2024 23:59:21.711 INFO com.nopcommerce.users.Level_21_Patter_Object] - -----START delete file in folder----------
[02-07-2024 23:59:21.720 INFO com.nopcommerce.users.Level_21_Patter_Object] - -----END delete file in folder----------
[03-07-2024 23:09:06.576 INFO com.nopcommerce.share.Common_Register] - -----START delete file in folder----------
[03-07-2024 23:09:06.589 INFO com.nopcommerce.share.Common_Register] - -----END delete file in folder----------
[04-07-2024 22:35:11.939 INFO com.nopcommerce.share.Common_Register] - -----START delete file in folder----------
[04-07-2024 22:35:11.969 INFO com.nopcommerce.share.Common_Register] - -----END delete file in folder----------
[04-07-2024 22:38:17.566 INFO com.nopcommerce.cookies.Common_Register] - -----START delete file in folder----------
[04-07-2024 22:38:17.583 INFO com.nopcommerce.cookies.Common_Register] - -----END delete file in folder----------
[04-07-2024 22:39:09.107 INFO com.nopcommerce.cookies.Common_Register] - -----START delete file in folder----------
[04-07-2024 22:39:09.124 INFO com.nopcommerce.cookies.Common_Register] - -----END delete file in folder----------
[04-07-2024 22:40:08.109 INFO com.nopcommerce.cookies.Common_Register] - -----START delete file in folder----------
[04-07-2024 22:40:08.118 INFO com.nopcommerce.cookies.Common_Register] - -----END delete file in folder----------
[04-07-2024 22:42:04.333 INFO com.nopcommerce.share.Common_Register] - -----START delete file in folder----------
[04-07-2024 22:42:04.342 INFO com.nopcommerce.share.Common_Register] - -----END delete file in folder----------
[04-07-2024 22:45:52.375 INFO com.nopcommerce.share.Common_Register] - -----START delete file in folder----------
[04-07-2024 22:45:52.383 INFO com.nopcommerce.share.Common_Register] - -----END delete file in folder----------
[04-07-2024 22:47:55.080 INFO com.nopcommerce.share.Common_Register] - -----START delete file in folder----------
[04-07-2024 22:47:55.088 INFO com.nopcommerce.share.Common_Register] - -----END delete file in folder----------
[04-07-2024 22:49:58.690 INFO com.nopcommerce.share.Common_Register] - -----START delete file in folder----------
[04-07-2024 22:49:58.702 INFO com.nopcommerce.share.Common_Register] - -----END delete file in folder----------
[04-07-2024 22:50:13.835 INFO com.nopcommerce.share.Common_Register] - -----START delete file in folder----------
[04-07-2024 22:50:13.843 INFO com.nopcommerce.share.Common_Register] - -----END delete file in folder----------
[04-07-2024 22:52:21.672 INFO com.nopcommerce.share.Common_Register] - -----START delete file in folder----------
[04-07-2024 22:52:21.690 INFO com.nopcommerce.share.Common_Register] - -----END delete file in folder----------
[04-07-2024 22:53:02.329 INFO com.nopcommerce.cookies.Common_Register] - -----START delete file in folder----------
[04-07-2024 22:53:02.338 INFO com.nopcommerce.cookies.Common_Register] - -----END delete file in folder----------
[04-07-2024 22:54:23.784 INFO com.nopcommerce.cookies.Common_Register] - -----START delete file in folder----------
[04-07-2024 22:54:23.792 INFO com.nopcommerce.cookies.Common_Register] - -----END delete file in folder----------
[04-07-2024 22:55:45.275 INFO com.nopcommerce.cookies.Common_Register] - -----START delete file in folder----------
[04-07-2024 22:55:45.288 INFO com.nopcommerce.cookies.Common_Register] - -----END delete file in folder----------
[04-07-2024 23:05:04.740 INFO com.nopcommerce.cookies.Common_Register] - -----START delete file in folder----------
[04-07-2024 23:05:04.750 INFO com.nopcommerce.cookies.Common_Register] - -----END delete file in folder----------
[04-07-2024 23:13:06.072 INFO com.nopcommerce.share.Common_Register] - -----START delete file in folder----------
[04-07-2024 23:13:06.086 INFO com.nopcommerce.share.Common_Register] - -----END delete file in folder----------
[05-07-2024 00:12:54.386 INFO com.nopcommerce.cookies.Common_Register] - -----START delete file in folder----------
[05-07-2024 00:12:54.435 INFO com.nopcommerce.cookies.Common_Register] - -----END delete file in folder----------
[05-07-2024 00:20:49.991 INFO com.nopcommerce.cookies.Common_Register] - -----START delete file in folder----------
[05-07-2024 00:20:50.017 INFO com.nopcommerce.cookies.Common_Register] - -----END delete file in folder----------
[05-07-2024 00:22:29.225 INFO com.nopcommerce.cookies.Common_Register] - -----START delete file in folder----------
[05-07-2024 00:22:29.265 INFO com.nopcommerce.cookies.Common_Register] - -----END delete file in folder----------
[06-07-2024 01:59:11.113 INFO com.nopcommerce.cookies.Common_Register] - -----START delete file in folder----------
[06-07-2024 01:59:11.124 INFO com.nopcommerce.cookies.Common_Register] - -----END delete file in folder----------
[06-07-2024 01:59:32.704 INFO com.nopcommerce.cookies.Payment] - OS name = windows 10
[06-07-2024 01:59:32.707 INFO com.nopcommerce.cookies.Payment] - Cannot invoke "Object.toString()" because "this.driver" is null
[06-07-2024 02:00:34.497 INFO com.nopcommerce.cookies.Common_Register] - -----START delete file in folder----------
[06-07-2024 02:00:34.555 INFO com.nopcommerce.cookies.Common_Register] - -----END delete file in folder----------
[06-07-2024 02:00:48.101 INFO com.nopcommerce.cookies.Payment] - OS name = windows 10
[06-07-2024 02:00:48.103 INFO com.nopcommerce.cookies.Payment] - Cannot invoke "Object.toString()" because "this.driver" is null
[29-07-2024 06:02:12.773 INFO com.nopcommerce.users.Level_22_ConfigBrowser] - -----START delete file in folder----------
[29-07-2024 06:02:12.779 INFO com.nopcommerce.users.Level_22_ConfigBrowser] - -----END delete file in folder----------
[29-07-2024 06:03:29.624 INFO com.nopcommerce.users.Level_22_ConfigBrowser] - -----START delete file in folder----------
[29-07-2024 06:03:29.632 INFO com.nopcommerce.users.Level_22_ConfigBrowser] - -----END delete file in folder----------
[29-07-2024 06:04:47.695 INFO com.nopcommerce.users.Level_22_ConfigBrowser] - -----START delete file in folder----------
[29-07-2024 06:04:47.703 INFO com.nopcommerce.users.Level_22_ConfigBrowser] - -----END delete file in folder----------
