[27-06-2024 11:30:59.611 INFO com.nopcommerce.users.Level_16_ReportNG] - Register - Step 1: verify Register link is not displayed
[27-06-2024 11:30:59.670 INFO com.nopcommerce.users.Level_16_ReportNG] - ---------------------- Passed -----------------------
[27-06-2024 11:30:59.670 INFO com.nopcommerce.users.Level_16_ReportNG] - Register - Step 2: Click to Register link
[27-06-2024 11:31:00.584 INFO com.nopcommerce.users.Level_16_ReportNG] - Register - Step 3: Click to Gender Male Radio
[27-06-2024 11:31:00.672 INFO com.nopcommerce.users.Level_16_ReportNG] - Register - Step 4: Click to Register button
[27-06-2024 11:31:00.733 INFO com.nopcommerce.users.Level_16_ReportNG] - Register - Step 5: Verify error message at First Name textbox
[27-06-2024 11:31:00.765 INFO com.nopcommerce.users.Level_16_ReportNG] - ---------------------- Passed -----------------------
[27-06-2024 11:31:00.766 INFO com.nopcommerce.users.Level_16_ReportNG] - Register - Step 6: Verify error message at Last Name textbox
[27-06-2024 11:31:00.791 INFO com.nopcommerce.users.Level_16_ReportNG] - ---------------------- Passed -----------------------
[27-06-2024 11:31:00.793 INFO com.nopcommerce.users.Level_16_ReportNG] - Register - Step 7: Enter to First Name Textbox: Tran
[27-06-2024 11:31:00.866 INFO com.nopcommerce.users.Level_16_ReportNG] - Register - Step 8: Enter to Last Name Textbox: Thi
[27-06-2024 11:31:00.938 INFO com.nopcommerce.users.Level_16_ReportNG] - Register - Step 9: Enter to Day dropdown: 10
[27-06-2024 11:31:01.014 INFO com.nopcommerce.users.Level_16_ReportNG] - Register - Step 10: Enter to Month dropdown: May
[27-06-2024 11:31:01.079 INFO com.nopcommerce.users.Level_16_ReportNG] - Register - Step 11: Enter to Year dropdown: 1994
[27-06-2024 11:31:01.145 INFO com.nopcommerce.users.Level_16_ReportNG] - Register - Step 12: Enter to Email textbox: jasmine58233@gmail.com
[27-06-2024 11:31:01.224 INFO com.nopcommerce.users.Level_16_ReportNG] - Register - Step 13: Enter to Company textbox: NEXTG
[27-06-2024 11:31:01.290 INFO com.nopcommerce.users.Level_16_ReportNG] - Register - Step 14: Enter to Password textbox: abcde12345-
[27-06-2024 11:31:01.360 INFO com.nopcommerce.users.Level_16_ReportNG] - Register - Step 15: Enter to confirm password textbox: abcde12345-
[27-06-2024 11:31:01.434 INFO com.nopcommerce.users.Level_16_ReportNG] - Register - Step 16: Click to Register button
[27-06-2024 11:31:02.062 INFO com.nopcommerce.users.Level_16_ReportNG] - Register - Step 17: Verify success message is displayed
[27-06-2024 11:31:02.094 INFO com.nopcommerce.users.Level_16_ReportNG] - ---------------------- Failed -----------------------
[27-06-2024 11:31:39.251 INFO com.nopcommerce.users.Level_16_ReportNG] - Register - Step 1: verify Register link is not displayed
[27-06-2024 11:31:39.290 INFO com.nopcommerce.users.Level_16_ReportNG] - ---------------------- Passed -----------------------
[27-06-2024 11:31:39.290 INFO com.nopcommerce.users.Level_16_ReportNG] - Register - Step 2: Click to Register link
[27-06-2024 11:31:40.273 INFO com.nopcommerce.users.Level_16_ReportNG] - Register - Step 3: Click to Gender Male Radio
[27-06-2024 11:31:40.562 INFO com.nopcommerce.users.Level_16_ReportNG] - Register - Step 4: Click to Register button
[27-06-2024 11:31:40.833 INFO com.nopcommerce.users.Level_16_ReportNG] - Register - Step 5: Verify error message at First Name textbox
[27-06-2024 11:31:40.857 INFO com.nopcommerce.users.Level_16_ReportNG] - ---------------------- Passed -----------------------
[27-06-2024 11:31:40.857 INFO com.nopcommerce.users.Level_16_ReportNG] - Register - Step 6: Verify error message at Last Name textbox
[27-06-2024 11:31:40.875 INFO com.nopcommerce.users.Level_16_ReportNG] - ---------------------- Passed -----------------------
[27-06-2024 11:31:40.876 INFO com.nopcommerce.users.Level_16_ReportNG] - Register - Step 7: Enter to First Name Textbox: Tran
[27-06-2024 11:31:40.907 INFO com.nopcommerce.users.Level_16_ReportNG] - Register - Step 8: Enter to Last Name Textbox: Thi
[27-06-2024 11:31:40.938 INFO com.nopcommerce.users.Level_16_ReportNG] - Register - Step 9: Enter to Day dropdown: 10
[27-06-2024 11:31:41.178 INFO com.nopcommerce.users.Level_16_ReportNG] - Register - Step 10: Enter to Month dropdown: May
[27-06-2024 11:31:41.408 INFO com.nopcommerce.users.Level_16_ReportNG] - Register - Step 11: Enter to Year dropdown: 1994
[27-06-2024 11:31:41.641 INFO com.nopcommerce.users.Level_16_ReportNG] - Register - Step 12: Enter to Email textbox: jasmine24372@gmail.com
[27-06-2024 11:31:41.686 INFO com.nopcommerce.users.Level_16_ReportNG] - Register - Step 13: Enter to Company textbox: NEXTG
[27-06-2024 11:31:41.709 INFO com.nopcommerce.users.Level_16_ReportNG] - Register - Step 14: Enter to Password textbox: abcde12345-
[27-06-2024 11:31:41.735 INFO com.nopcommerce.users.Level_16_ReportNG] - Register - Step 15: Enter to confirm password textbox: abcde12345-
[27-06-2024 11:31:41.768 INFO com.nopcommerce.users.Level_16_ReportNG] - Register - Step 16: Click to Register button
[27-06-2024 11:31:42.474 INFO com.nopcommerce.users.Level_16_ReportNG] - Register - Step 17: Verify success message is displayed
[27-06-2024 11:31:42.525 INFO com.nopcommerce.users.Level_16_ReportNG] - ---------------------- Failed -----------------------
