[26-06-2024 14:39:59.873 INFO com.nopcommerce.users.Level_15_Log] - Register - Step 1: verify Register link is not displayed
[26-06-2024 14:39:59.935 INFO com.nopcommerce.users.Level_15_Log] - ---------------------- Failed -----------------------
[26-06-2024 14:39:59.935 INFO com.nopcommerce.users.Level_15_Log] - Register - Step 2: Click to Register link
[26-06-2024 14:40:00.830 INFO com.nopcommerce.users.Level_15_Log] - Register - Step 3: Click to Gender Male Radio
[26-06-2024 14:40:00.909 INFO com.nopcommerce.users.Level_15_Log] - Register - Step 4: Click to Register button
[26-06-2024 14:40:00.972 INFO com.nopcommerce.users.Level_15_Log] - Register - Step 5: Verify error message at First Name textbox
[26-06-2024 14:40:01.007 INFO com.nopcommerce.users.Level_15_Log] - ---------------------- Failed -----------------------
[26-06-2024 14:40:01.007 INFO com.nopcommerce.users.Level_15_Log] - Register - Step 6: Verify error message at Last Name textbox
[26-06-2024 14:40:01.034 INFO com.nopcommerce.users.Level_15_Log] - ---------------------- Passed -----------------------
[26-06-2024 14:40:01.034 INFO com.nopcommerce.users.Level_15_Log] - Register - Step 7: Enter to First Name Textbox: Tran
[26-06-2024 14:40:01.105 INFO com.nopcommerce.users.Level_15_Log] - Register - Step 8: Enter to Last Name Textbox: Thi
[26-06-2024 14:40:01.176 INFO com.nopcommerce.users.Level_15_Log] - Register - Step 9: Enter to Day dropdown: 10
[26-06-2024 14:40:01.261 INFO com.nopcommerce.users.Level_15_Log] - Register - Step 10: Enter to Month dropdown: May
[26-06-2024 14:40:01.337 INFO com.nopcommerce.users.Level_15_Log] - Register - Step 11: Enter to Year dropdown: 1994
[26-06-2024 14:40:01.417 INFO com.nopcommerce.users.Level_15_Log] - Register - Step 12: Enter to Email textbox: jasmine83594@gmail.com
[26-06-2024 14:40:01.519 INFO com.nopcommerce.users.Level_15_Log] - Register - Step 13: Enter to Company textbox: NEXTG
[26-06-2024 14:40:01.584 INFO com.nopcommerce.users.Level_15_Log] - Register - Step 14: Enter to Password textbox: abcde12345-
[26-06-2024 14:40:01.652 INFO com.nopcommerce.users.Level_15_Log] - Register - Step 15: Enter to confirm password textbox: abcde12345-
[26-06-2024 14:40:01.724 INFO com.nopcommerce.users.Level_15_Log] - Register - Step 16: Click to Register button
[26-06-2024 14:40:02.404 INFO com.nopcommerce.users.Level_15_Log] - Register - Step 17: Verify success message is displayed
[26-06-2024 14:40:02.431 INFO com.nopcommerce.users.Level_15_Log] - ---------------------- Failed -----------------------
