[27-06-2024 17:23:02.140 INFO com.nopcommerce.users.Level_16_ReportNG] - -----START delete file in folder----------
[27-06-2024 17:23:02.151 INFO com.nopcommerce.users.Level_16_ReportNG] - -----END delete file in folder----------
[27-06-2024 17:23:11.338 INFO com.nopcommerce.users.Level_16_ReportNG] - Register - Step 1: verify Register link is not displayed
[27-06-2024 17:23:11.393 INFO com.nopcommerce.users.Level_16_ReportNG] - ---------------------- Passed -----------------------
[27-06-2024 17:23:11.393 INFO com.nopcommerce.users.Level_16_ReportNG] - Register - Step 2: Click to Register link
[27-06-2024 17:23:12.440 INFO com.nopcommerce.users.Level_16_ReportNG] - Register - Step 3: Click to Gender Male Radio
[27-06-2024 17:23:12.530 INFO com.nopcommerce.users.Level_16_ReportNG] - Register - Step 4: Click to Register button
[27-06-2024 17:23:12.588 INFO com.nopcommerce.users.Level_16_ReportNG] - Register - Step 5: Verify error message at First Name textbox
[27-06-2024 17:23:12.621 INFO com.nopcommerce.users.Level_16_ReportNG] - ---------------------- Passed -----------------------
[27-06-2024 17:23:12.621 INFO com.nopcommerce.users.Level_16_ReportNG] - Register - Step 6: Verify error message at Last Name textbox
[27-06-2024 17:23:12.651 INFO com.nopcommerce.users.Level_16_ReportNG] - ---------------------- Passed -----------------------
[27-06-2024 17:23:12.653 INFO com.nopcommerce.users.Level_16_ReportNG] - Register - Step 7: Enter to First Name Textbox: Tran
[27-06-2024 17:23:12.726 INFO com.nopcommerce.users.Level_16_ReportNG] - Register - Step 8: Enter to Last Name Textbox: Thi
[27-06-2024 17:23:12.799 INFO com.nopcommerce.users.Level_16_ReportNG] - Register - Step 9: Enter to Day dropdown: 10
[27-06-2024 17:23:12.879 INFO com.nopcommerce.users.Level_16_ReportNG] - Register - Step 10: Enter to Month dropdown: May
[27-06-2024 17:23:12.947 INFO com.nopcommerce.users.Level_16_ReportNG] - Register - Step 11: Enter to Year dropdown: 1994
[27-06-2024 17:23:13.020 INFO com.nopcommerce.users.Level_16_ReportNG] - Register - Step 12: Enter to Email textbox: jasmine48730@gmail.com
[27-06-2024 17:23:13.107 INFO com.nopcommerce.users.Level_16_ReportNG] - Register - Step 13: Enter to Company textbox: NEXTG
[27-06-2024 17:23:13.181 INFO com.nopcommerce.users.Level_16_ReportNG] - Register - Step 14: Enter to Password textbox: abcde12345-
[27-06-2024 17:23:13.251 INFO com.nopcommerce.users.Level_16_ReportNG] - Register - Step 15: Enter to confirm password textbox: abcde12345-
[27-06-2024 17:23:13.328 INFO com.nopcommerce.users.Level_16_ReportNG] - Register - Step 16: Click to Register button
[27-06-2024 17:23:14.049 INFO com.nopcommerce.users.Level_16_ReportNG] - Register - Step 17: Verify success message is displayed
[27-06-2024 17:23:14.097 INFO com.nopcommerce.users.Level_16_ReportNG] - ---------------------- Failed -----------------------
[27-06-2024 17:23:51.556 INFO com.nopcommerce.users.Level_16_ReportNG] - Register - Step 1: verify Register link is not displayed
[27-06-2024 17:23:51.602 INFO com.nopcommerce.users.Level_16_ReportNG] - ---------------------- Passed -----------------------
[27-06-2024 17:23:51.602 INFO com.nopcommerce.users.Level_16_ReportNG] - Register - Step 2: Click to Register link
[27-06-2024 17:23:52.617 INFO com.nopcommerce.users.Level_16_ReportNG] - Register - Step 3: Click to Gender Male Radio
[27-06-2024 17:23:52.892 INFO com.nopcommerce.users.Level_16_ReportNG] - Register - Step 4: Click to Register button
[27-06-2024 17:23:53.169 INFO com.nopcommerce.users.Level_16_ReportNG] - Register - Step 5: Verify error message at First Name textbox
[27-06-2024 17:23:53.189 INFO com.nopcommerce.users.Level_16_ReportNG] - ---------------------- Passed -----------------------
[27-06-2024 17:23:53.189 INFO com.nopcommerce.users.Level_16_ReportNG] - Register - Step 6: Verify error message at Last Name textbox
[27-06-2024 17:23:53.208 INFO com.nopcommerce.users.Level_16_ReportNG] - ---------------------- Passed -----------------------
[27-06-2024 17:23:53.209 INFO com.nopcommerce.users.Level_16_ReportNG] - Register - Step 7: Enter to First Name Textbox: Tran
[27-06-2024 17:23:53.236 INFO com.nopcommerce.users.Level_16_ReportNG] - Register - Step 8: Enter to Last Name Textbox: Thi
[27-06-2024 17:23:53.268 INFO com.nopcommerce.users.Level_16_ReportNG] - Register - Step 9: Enter to Day dropdown: 10
[27-06-2024 17:23:53.502 INFO com.nopcommerce.users.Level_16_ReportNG] - Register - Step 10: Enter to Month dropdown: May
[27-06-2024 17:23:53.737 INFO com.nopcommerce.users.Level_16_ReportNG] - Register - Step 11: Enter to Year dropdown: 1994
[27-06-2024 17:23:53.975 INFO com.nopcommerce.users.Level_16_ReportNG] - Register - Step 12: Enter to Email textbox: jasmine94790@gmail.com
[27-06-2024 17:23:54.019 INFO com.nopcommerce.users.Level_16_ReportNG] - Register - Step 13: Enter to Company textbox: NEXTG
[27-06-2024 17:23:54.043 INFO com.nopcommerce.users.Level_16_ReportNG] - Register - Step 14: Enter to Password textbox: abcde12345-
[27-06-2024 17:23:54.071 INFO com.nopcommerce.users.Level_16_ReportNG] - Register - Step 15: Enter to confirm password textbox: abcde12345-
[27-06-2024 17:23:54.104 INFO com.nopcommerce.users.Level_16_ReportNG] - Register - Step 16: Click to Register button
[27-06-2024 17:23:54.686 INFO com.nopcommerce.users.Level_16_ReportNG] - Register - Step 17: Verify success message is displayed
[27-06-2024 17:23:54.738 INFO com.nopcommerce.users.Level_16_ReportNG] - ---------------------- Failed -----------------------
