[27-06-2024 10:42:36.196 INFO com.nopcommerce.users.Level_16_ReportNG] - Register - Step 1: verify Register link is not displayed
[27-06-2024 10:42:36.332 INFO com.nopcommerce.users.Level_16_ReportNG] - ---------------------- Passed -----------------------
[27-06-2024 10:42:36.332 INFO com.nopcommerce.users.Level_16_ReportNG] - Register - Step 2: Click to Register link
[27-06-2024 10:42:36.783 INFO com.nopcommerce.users.Level_16_ReportNG] - Register - Step 3: Click to Gender Male Radio
[27-06-2024 10:42:36.865 INFO com.nopcommerce.users.Level_16_ReportNG] - Register - Step 4: Click to Register button
[27-06-2024 10:42:36.927 INFO com.nopcommerce.users.Level_16_ReportNG] - Register - Step 5: Verify error message at First Name textbox
[27-06-2024 10:42:36.963 INFO com.nopcommerce.users.Level_16_ReportNG] - ---------------------- Passed -----------------------
[27-06-2024 10:42:36.963 INFO com.nopcommerce.users.Level_16_ReportNG] - Register - Step 6: Verify error message at Last Name textbox
[27-06-2024 10:42:36.990 INFO com.nopcommerce.users.Level_16_ReportNG] - ---------------------- Passed -----------------------
[27-06-2024 10:42:36.993 INFO com.nopcommerce.users.Level_16_ReportNG] - Register - Step 7: Enter to First Name Textbox: Tran
[27-06-2024 10:42:37.071 INFO com.nopcommerce.users.Level_16_ReportNG] - Register - Step 8: Enter to Last Name Textbox: Thi
[27-06-2024 10:42:37.151 INFO com.nopcommerce.users.Level_16_ReportNG] - Register - Step 9: Enter to Day dropdown: 10
[27-06-2024 10:42:37.234 INFO com.nopcommerce.users.Level_16_ReportNG] - Register - Step 10: Enter to Month dropdown: May
[27-06-2024 10:42:37.309 INFO com.nopcommerce.users.Level_16_ReportNG] - Register - Step 11: Enter to Year dropdown: 1994
[27-06-2024 10:42:37.385 INFO com.nopcommerce.users.Level_16_ReportNG] - Register - Step 12: Enter to Email textbox: jasmine77086@gmail.com
[27-06-2024 10:42:37.473 INFO com.nopcommerce.users.Level_16_ReportNG] - Register - Step 13: Enter to Company textbox: NEXTG
[27-06-2024 10:42:37.549 INFO com.nopcommerce.users.Level_16_ReportNG] - Register - Step 14: Enter to Password textbox: abcde12345-
[27-06-2024 10:42:37.622 INFO com.nopcommerce.users.Level_16_ReportNG] - Register - Step 15: Enter to confirm password textbox: abcde12345-
[27-06-2024 10:42:37.702 INFO com.nopcommerce.users.Level_16_ReportNG] - Register - Step 16: Click to Register button
[27-06-2024 10:42:38.332 INFO com.nopcommerce.users.Level_16_ReportNG] - Register - Step 17: Verify success message is displayed
[27-06-2024 10:42:38.372 INFO com.nopcommerce.users.Level_16_ReportNG] - ---------------------- Failed -----------------------
[27-06-2024 10:43:06.231 INFO com.nopcommerce.users.Level_16_ReportNG] - Register - Step 1: verify Register link is not displayed
[27-06-2024 10:43:06.309 INFO com.nopcommerce.users.Level_16_ReportNG] - ---------------------- Passed -----------------------
[27-06-2024 10:43:06.309 INFO com.nopcommerce.users.Level_16_ReportNG] - Register - Step 2: Click to Register link
[27-06-2024 10:43:07.204 INFO com.nopcommerce.users.Level_16_ReportNG] - Register - Step 3: Click to Gender Male Radio
[27-06-2024 10:43:07.535 INFO com.nopcommerce.users.Level_16_ReportNG] - Register - Step 4: Click to Register button
[27-06-2024 10:43:07.812 INFO com.nopcommerce.users.Level_16_ReportNG] - Register - Step 5: Verify error message at First Name textbox
[27-06-2024 10:43:07.832 INFO com.nopcommerce.users.Level_16_ReportNG] - ---------------------- Passed -----------------------
[27-06-2024 10:43:07.832 INFO com.nopcommerce.users.Level_16_ReportNG] - Register - Step 6: Verify error message at Last Name textbox
[27-06-2024 10:43:07.850 INFO com.nopcommerce.users.Level_16_ReportNG] - ---------------------- Passed -----------------------
[27-06-2024 10:43:07.852 INFO com.nopcommerce.users.Level_16_ReportNG] - Register - Step 7: Enter to First Name Textbox: Tran
[27-06-2024 10:43:07.881 INFO com.nopcommerce.users.Level_16_ReportNG] - Register - Step 8: Enter to Last Name Textbox: Thi
[27-06-2024 10:43:07.907 INFO com.nopcommerce.users.Level_16_ReportNG] - Register - Step 9: Enter to Day dropdown: 10
[27-06-2024 10:43:08.147 INFO com.nopcommerce.users.Level_16_ReportNG] - Register - Step 10: Enter to Month dropdown: May
[27-06-2024 10:43:08.378 INFO com.nopcommerce.users.Level_16_ReportNG] - Register - Step 11: Enter to Year dropdown: 1994
[27-06-2024 10:43:08.610 INFO com.nopcommerce.users.Level_16_ReportNG] - Register - Step 12: Enter to Email textbox: jasmine95797@gmail.com
[27-06-2024 10:43:08.653 INFO com.nopcommerce.users.Level_16_ReportNG] - Register - Step 13: Enter to Company textbox: NEXTG
[27-06-2024 10:43:08.680 INFO com.nopcommerce.users.Level_16_ReportNG] - Register - Step 14: Enter to Password textbox: abcde12345-
[27-06-2024 10:43:08.705 INFO com.nopcommerce.users.Level_16_ReportNG] - Register - Step 15: Enter to confirm password textbox: abcde12345-
[27-06-2024 10:43:08.738 INFO com.nopcommerce.users.Level_16_ReportNG] - Register - Step 16: Click to Register button
[27-06-2024 10:43:09.303 INFO com.nopcommerce.users.Level_16_ReportNG] - Register - Step 17: Verify success message is displayed
[27-06-2024 10:43:09.353 INFO com.nopcommerce.users.Level_16_ReportNG] - ---------------------- Failed -----------------------
